<?xml version="1.0" encoding="UTF-8"?>
<!-- Generated by org.testng.reporters.JUnitReportReporter -->
<testsuite hostname="LAPTOP-UQFQLRBC" failures="0" tests="1" name="com.simplilearn.seleniumdemos.css_selector_p" time="4.243" errors="0" timestamp="2024-05-04T03:17:47 IST" skipped="0">
  <testcase classname="com.simplilearn.seleniumdemos.css_selector_p" name="css_selector_practice2" time="4.243"/>
</testsuite> <!-- com.simplilearn.seleniumdemos.css_selector_p -->
