<?xml version="1.0" encoding="UTF-8"?>
<!-- Generated by org.testng.reporters.JUnitReportReporter -->
<testsuite hostname="LAPTOP-UQFQLRBC" failures="0" tests="1" name="com.simplilearn.seleniumdemos.xpath_test_demo" time="20.849" errors="0" timestamp="2024-05-04T02:26:41 IST" skipped="0">
  <testcase classname="com.simplilearn.seleniumdemos.xpath_test_demo" name="createCheckBoxXpath" time="20.849"/>
</testsuite> <!-- com.simplilearn.seleniumdemos.xpath_test_demo -->
