<?xml version="1.0" encoding="UTF-8"?>
<!-- Generated by org.testng.reporters.JUnitReportReporter -->
<testsuite hostname="LAPTOP-UQFQLRBC" failures="0" tests="1" name="com.simplilearn.seleniumdemos.locator_identifiers" time="17.755" errors="0" timestamp="2024-05-04T01:27:40 IST" skipped="0">
  <testcase classname="com.simplilearn.seleniumdemos.locator_identifiers" name="link_examples" time="17.755"/>
</testsuite> <!-- com.simplilearn.seleniumdemos.locator_identifiers -->
