<?xml version="1.0" encoding="UTF-8"?>
<!-- Generated by org.testng.reporters.JUnitReportReporter -->
<testsuite hostname="LAPTOP-UQFQLRBC" failures="0" tests="1" name="com.simplilearn.sesssion2.AppTest" time="9.125" errors="0" timestamp="2024-05-04T00:02:35 IST" skipped="0">
  <testcase classname="com.simplilearn.sesssion2.AppTest" name="learningWebDriverCommands" time="9.125"/>
</testsuite> <!-- com.simplilearn.sesssion2.AppTest -->
